app/build/outputs/mapping/release/seeds.txt
com.apps.abilitytohelp.kidslearning.kidseducation.preschool.activity.MachineLearningActivity
com.apps.abilitytohelp.kidslearning.kidseducation.preschool.activity.MainMenu
com.apps.abilitytohelp.kidslearning.kidseducation.preschool.model.PeriodicElementResponse
com.apps.abilitytohelp.kidslearning.kidseducation.preschool.activity.SubActivity
com.apps.abilitytohelp.kidslearning.kidseducation.preschool.model.WordImageResponse
com.apps.abilitytohelp.kidslearning.kidseducation.preschool.model.LearningDataModel
com.apps.abilitytohelp.kidslearning.kidseducation.preschool.pushnotification.MyFirebaseMessagingService
com.apps.abilitytohelp.kidslearning.kidseducation.preschool.activity.exam.ListenGuessActivity
com.apps.abilitytohelp.kidslearning.kidseducation.preschool.activity.video.ListVideoActivity
com.apps.abilitytohelp.kidslearning.kidseducation.preschool.activity.SettingActivity
com.apps.abilitytohelp.kidslearning.kidseducation.preschool.activity.SplashActivity
com.apps.abilitytohelp.kidslearning.kidseducation.preschool.activity.exam.LookChooseActivity
com.apps.abilitytohelp.kidslearning.kidseducation.preschool.activity.AskMeAnything
com.apps.abilitytohelp.kidslearning.kidseducation.preschool.activity.PrivacyPolicyActivity
com.apps.abilitytohelp.kidslearning.kidseducation.preschool.activity.video.VideoPlayActivity
com.apps.abilitytohelp.kidslearning.kidseducation.preschool.model.RiddleResponse
com.apps.abilitytohelp.kidslearning.kidseducation.preschool.activity.HomeActivity
com.apps.abilitytohelp.kidslearning.kidseducation.preschool.activity.ElementDetail
com.apps.abilitytohelp.kidslearning.kidseducation.preschool.customclasses.AppControl
com.apps.abilitytohelp.kidslearning.kidseducation.preschool.network.RestApi
com.apps.abilitytohelp.kidslearning.kidseducation.preschool.activity.WordImageActivity
com.apps.abilitytohelp.kidslearning.kidseducation.preschool.activity.MainActivity
com.apps.abilitytohelp.kidslearning.kidseducation.preschool.activity.RiddleActivity
com.apps.abilitytohelp.kidslearning.kidseducation.preschool.activity.FunActivity
com.apps.abilitytohelp.kidslearning.kidseducation.preschool.activity.GuideActivity
com.apps.abilitytohelp.kidslearning.kidseducation.preschool.activity.video.VideoLearningActivity
com.apps.abilitytohelp.kidslearning.kidseducation.preschool.model.SynonymsResponse
com.apps.abilitytohelp.kidslearning.kidseducation.preschool.SurfingActivity
com.apps.abilitytohelp.kidslearning.kidseducation.preschool.customclasses.NonSwipeAbleViewPager
com.apps.abilitytohelp.kidslearning.kidseducation.preschool.activity.PeriodicElementsActivity
com.apps.abilitytohelp.kidslearning.kidseducation.preschool.activity.SynonymsActivity
com.apps.abilitytohelp.kidslearning.kidseducation.preschool.activity.FullScreenActivity
com.apps.abilitytohelp.kidslearning.kidseducation.preschool.model.ModelVideo
com.apps.abilitytohelp.kidslearning.kidseducation.preschool.model.PeriodicElementResponseItem
com.apps.abilitytohelp.kidslearning.kidseducation.preschool.model.PeriodicElementResponseItem: java.lang.String history
com.apps.abilitytohelp.kidslearning.kidseducation.preschool.model.PeriodicElementResponseItem: java.lang.String name
com.apps.abilitytohelp.kidslearning.kidseducation.preschool.model.ModelVideo: java.lang.String videoTitle
com.apps.abilitytohelp.kidslearning.kidseducation.preschool.model.PeriodicElementResponseItem: java.lang.String speedOfSound
com.apps.abilitytohelp.kidslearning.kidseducation.preschool.model.PeriodicElementResponseItem: java.lang.String yearDiscovered
com.apps.abilitytohelp.kidslearning.kidseducation.preschool.model.PeriodicElementResponseItem: java.lang.String ionRadius
com.apps.abilitytohelp.kidslearning.kidseducation.preschool.model.PeriodicElementResponseItem: java.lang.String atomicRadius
com.apps.abilitytohelp.kidslearning.kidseducation.preschool.model.SynonymsResponse: java.util.List synonyms
...
com.google.ai.client.generativeai.internal.api.client.GenerationConfig: int hashCode()
com.daimajia.androidanimations.library.sliders.SlideOutLeftAnimator: SlideOutLeftAnimator()
com.google.android.material.chip.Chip: void setRippleColorResource(int)
com.google.android.material.snackbar.BaseTransientBottomBar$SnackbarBaseLayout: void setLayoutParams(android.view.ViewGroup$LayoutParams)
androidx.appcompat.widget.AppCompatTextView: android.graphics.PorterDuff$Mode getSupportBackgroundTintMode()
com.google.common.collect.ImmutableSet: java.lang.Object writeReplace()
com.google.android.material.textfield.TextInputLayout: void setHelperTextEnabled(boolean)
kotlin.collections.builders.ListBuilder: java.lang.Object writeReplace()
androidx.core.view.MarginLayoutParamsCompat$Api17Impl: boolean isMarginRelative(android.view.ViewGroup$MarginLayoutParams)
com.google.android.material.chip.Chip: float getIconStartPadding()
com.pierfrancescosoffritti.androidyoutubeplayer.core.player.YouTubePlayerBridge: void sendPlaybackRateChange(java.lang.String)
androidx.coordinatorlayout.widget.CoordinatorLayout: void setVisibility(int)
com.google.ai.client.generativeai.internal.api.server.Candidate$$serializer: kotlinx.serialization.descriptors.SerialDescriptor getDescriptor()
com.google.ai.client.generativeai.internal.api.shared.TextPart$$serializer: TextPart$$serializer()
com.google.android.material.textfield.TextInputLayout: void setErrorAccessibilityLiveRegion(int)
com.google.android.material.textfield.TextInputLayout: void setPlaceholderTextColor(android.content.res.ColorStateList)
androidx.appcompat.widget.AppCompatToggleButton: void setSupportBackgroundTintMode(android.graphics.PorterDuff$Mode)
androidx.lifecycle.ProcessLifecycleOwner$attach$1$onActivityPreCreated$1: void onActivityPostStarted(android.app.Activity)
com.google.ai.client.generativeai.internal.api.server.Candidate: com.google.ai.client.generativeai.internal.api.shared.Content component1()
com.google.ai.client.generativeai.internal.api.server.FinishReasonSerializer: kotlinx.serialization.descriptors.SerialDescriptor getDescriptor()
androidx.work.impl.utils.NetworkApi21: boolean hasCapabilityCompat(android.net.NetworkCapabilities,int)
androidx.cardview.widget.CardView: void setCardBackgroundColor(int)
androidx.appcompat.widget.AppCompatTextView: void setAllCaps(boolean)
com.bumptech.glide.request.SingleRequest$Status: com.bumptech.glide.request.SingleRequest$Status[] values()
androidx.appcompat.widget.AppCompatToggleButton: void setSupportBackgroundTintList(android.content.res.ColorStateList)
androidx.core.os.CancellationSignal$Api16Impl: void cancel(java.lang.Object)
com.google.ai.client.generativeai.internal.util.ConversionsKt: com.google.ai.client.generativeai.type.HarmCategory toPublic(com.google.ai.client.generativeai.internal.api.shared.HarmCategory)
androidx.constraintlayout.widget.ConstraintLayout: androidx.constraintlayout.widget.SharedValues getSharedValues()
com.google.ai.client.generativeai.internal.util.FirstOrdinalSerializer: kotlinx.serialization.descriptors.SerialDescriptor getDescriptor()
androidx.appcompat.widget.AppCompatTextView: android.content.res.ColorStateList getSupportBackgroundTintList()
androidx.recyclerview.widget.RecyclerView: void setAccessibilityDelegateCompat(androidx.recyclerview.widget.RecyclerViewAccessibilityDelegate)
androidx.core.graphics.drawable.IconCompat$Api26Impl: android.graphics.drawable.Drawable createAdaptiveIconDrawable(android.graphics.drawable.Drawable,android.graphics.drawable.Drawable)
androidx.appcompat.widget.AppCompatRadioButton: void setSupportButtonTintList(android.content.res.ColorStateList)
androidx.core.view.ViewCompat$Api31Impl: androidx.core.view.ContentInfoCompat performReceiveContent(android.view.View,androidx.core.view.ContentInfoCompat)
com.google.android.material.chip.Chip: com.google.android.material.animation.MotionSpec getShowMotionSpec()