app/build/outputs/mapping/release/usage.txt
com.apps.abilitytohelp.kidslearning.kidseducation.preschool.BuildConfig
com.apps.abilitytohelp.kidslearning.kidseducation.preschool.R$anim
com.apps.abilitytohelp.kidslearning.kidseducation.preschool.R$animator
com.apps.abilitytohelp.kidslearning.kidseducation.preschool.R$attr
com.apps.abilitytohelp.kidslearning.kidseducation.preschool.R$bool
com.apps.abilitytohelp.kidslearning.kidseducation.preschool.R$color
com.apps.abilitytohelp.kidslearning.kidseducation.preschool.R$dimen
com.apps.abilitytohelp.kidslearning.kidseducation.preschool.R$drawable
com.apps.abilitytohelp.kidslearning.kidseducation.preschool.R$font
com.apps.abilitytohelp.kidslearning.kidseducation.preschool.R$id
com.apps.abilitytohelp.kidslearning.kidseducation.preschool.R$integer
com.apps.abilitytohelp.kidslearning.kidseducation.preschool.R$interpolator
com.apps.abilitytohelp.kidslearning.kidseducation.preschool.R$layout
com.apps.abilitytohelp.kidslearning.kidseducation.preschool.R$mipmap
com.apps.abilitytohelp.kidslearning.kidseducation.preschool.R$plurals
com.apps.abilitytohelp.kidslearning.kidseducation.preschool.R$raw
com.apps.abilitytohelp.kidslearning.kidseducation.preschool.R$string
com.apps.abilitytohelp.kidslearning.kidseducation.preschool.R$style
com.apps.abilitytohelp.kidslearning.kidseducation.preschool.R$styleable
com.apps.abilitytohelp.kidslearning.kidseducation.preschool.R$xml
com.apps.abilitytohelp.kidslearning.kidseducation.preschool.R
com.apps.abilitytohelp.kidslearning.kidseducation.preschool.SurfingActivity:
    public final android.widget.ImageView getBack()
    public final java.lang.String getFileName()
    public final android.webkit.WebView getHtmlLoader()
    public final void setBack(android.widget.ImageView)
    public final void setFileName(java.lang.String)
    public final void setHtmlLoader(android.webkit.WebView)
com.apps.abilitytohelp.kidslearning.kidseducation.preschool.activity.AskMeAnything:
    public final android.widget.ImageView getBack()
    public final androidx.recyclerview.widget.RecyclerView getChatListView()
    public final android.widget.EditText getInputField()
    public final com.apps.abilitytohelp.kidslearning.kidseducation.preschool.network.Repository getRepo()
    public final android.widget.ImageView getSend()
    public final void setBack(android.widget.ImageView)
    public final void setChatListView(androidx.recyclerview.widget.RecyclerView)
    public final void setDataAdapter(com.apps.abilitytohelp.kidslearning.kidseducation.preschool.adapter.ChatAdapter)
    public final void setDataList(java.util.ArrayList)
    public final void setGenerativeModel(com.google.ai.client.generativeai.GenerativeModel)
    public final void setInputField(android.widget.EditText)
    public final void setRepo(com.apps.abilitytohelp.kidslearning.kidseducation.preschool.network.Repository)
    public final void setSend(android.widget.ImageView)
...
androidx.recyclerview.widget.ItemTouchHelper$2
androidx.recyclerview.widget.ItemTouchHelper$3
androidx.recyclerview.widget.ItemTouchHelper$4
androidx.recyclerview.widget.ItemTouchHelper$5
androidx.recyclerview.widget.ItemTouchHelper$Callback$1
androidx.recyclerview.widget.ItemTouchHelper$Callback$2
androidx.recyclerview.widget.ItemTouchHelper$Callback
androidx.recyclerview.widget.ItemTouchHelper$ItemTouchHelperGestureListener
androidx.recyclerview.widget.ItemTouchHelper$RecoverAnimation$1
androidx.recyclerview.widget.ItemTouchHelper$RecoverAnimation
androidx.recyclerview.widget.ItemTouchHelper$SimpleCallback
androidx.recyclerview.widget.ItemTouchHelper$ViewDropHandler
androidx.recyclerview.widget.ItemTouchHelper
androidx.recyclerview.widget.ItemTouchUIUtil
androidx.recyclerview.widget.ItemTouchUIUtilImpl
androidx.recyclerview.widget.LayoutState:
    static final int INVALID_LAYOUT
    static final int ITEM_DIRECTION_HEAD
    static final int ITEM_DIRECTION_TAIL
    static final int LAYOUT_END
    static final int LAYOUT_START
androidx.recyclerview.widget.LinearLayoutManager$LayoutState:
    static final int INVALID_LAYOUT
    static final int ITEM_DIRECTION_HEAD
    static final int ITEM_DIRECTION_TAIL
    static final int LAYOUT_END
    static final int LAYOUT_START
    static final int SCROLLING_OFFSET_NaN
    static final java.lang.String TAG
    void log()
androidx.recyclerview.widget.LinearLayoutManager:
    static final boolean DEBUG
    public static final int HORIZONTAL
    public static final int INVALID_OFFSET
    private static final float MAX_SCROLL_FACTOR
    private static final java.lang.String TAG
    public static final int VERTICAL
    public void <init>(android.content.Context)
    public int findFirstCompletelyVisibleItemPosition()
    public int findLastCompletelyVisibleItemPosition()
    public int getInitialPrefetchItemCount()
    public boolean getRecycleChildrenOnDetach()
    public boolean getReverseLayout()
    public boolean getStackFromEnd()
    private void logChildren()
    public void prepareForDrop(android.view.View,android.view.View,int,int)
    public void scrollToPositionWithOffset(int,int)
    public void setInitialPrefetchItemCount(int)
    public void setRecycleChildrenOnDetach(boolean)
    public void setSmoothScrollbarEnabled(boolean)
    void validateChildOrder()
androidx.recyclerview.widget.LinearSmoothScroller:
    private static final boolean DEBUG
    private static final float MILLISECONDS_PER_INCH
    public static final int SNAP_TO_ANY
    public static final int SNAP_TO_END
    public static final int SNAP_TO_START
    private static final float TARGET_SEEK_EXTRA_SCROLL_RATIO
    private static final int TARGET_SEEK_SCROLL_DISTANCE_PX
androidx.recyclerview.widget.LinearSnapHelper
androidx.recyclerview.widget.ListAdapter$1
androidx.recyclerview.widget.ListAdapter
androidx.recyclerview.widget.ListUpdateCallback
androidx.recyclerview.widget.MessageThreadUtil$1$1
androidx.recyclerview.widget.MessageThreadUtil$1
androidx.recyclerview.widget.MessageThreadUtil$2$1
androidx.recyclerview.widget.MessageThreadUtil$2
androidx.recyclerview.widget.MessageThreadUtil$MessageQueue
androidx.recyclerview.widget.MessageThreadUtil$SyncQueueItem
androidx.recyclerview.widget.MessageThreadUtil
androidx.recyclerview.widget.NestedAdapterWrapper$1
androidx.recyclerview.widget.NestedAdapterWrapper$Callback
androidx.recyclerview.widget.NestedAdapterWrapper
androidx.recyclerview.widget.OrientationHelper$1:
    public void offsetChild(android.view.View,int)
androidx.recyclerview.widget.OrientationHelper$2:
    public void offsetChild(android.view.View,int)
androidx.recyclerview.widget.OrientationHelper:
    public static final int HORIZONTAL
    private static final int INVALID_SIZE
    public static final int VERTICAL
    public androidx.recyclerview.widget.RecyclerView$LayoutManager getLayoutManager()
    public abstract void offsetChild(android.view.View,int)